# JRE version: Java(TM) SE Runtime Environment (8.0_121-b13) (build 1.8.0_121-b13)
# Java VM: Java HotSpot(TM) 64-Bit Server VM (25.121-b13 mixed mode linux-amd64 compressed oops)
Heap:
 PSYoungGen      total 250880K, used 0K [0x00000000eb700000, 0x0000000100000000, 0x0000000100000000)
  eden space 218112K, 0% used [0x00000000eb700000,0x00000000eb700000,0x00000000f8c00000)
  from space 32768K, 0% used [0x00000000fe000000,0x00000000fe000000,0x0000000100000000)
  to   space 59392K, 0% used [0x00000000f8c00000,0x00000000f8c00000,0x00000000fc600000)
 ParOldGen       total 95744K, used 80302K [0x00000000c2400000, 0x00000000c8180000, 0x00000000eb700000)
  object space 95744K, 83% used [0x00000000c2400000,0x00000000c726b948,0x00000000c8180000)
 Metaspace       used 22729K, capacity 23032K, committed 23424K, reserved 1071104K
  class space    used 2519K, capacity 2668K, committed 2688K, reserved 1048576K
GC Heap History (10 events):
Event: 33,326 GC heap after
Heap after GC invocations=16 (full 1):
 PSYoungGen      total 309248K, used 1898K [0x00000000eb700000, 0x00000000fff80000, 0x0000000100000000)
  eden space 284160K, 0% used [0x00000000eb700000,0x00000000eb700000,0x00000000fcc80000)
  from space 25088K, 7% used [0x00000000fcc80000,0x00000000fce5a928,0x00000000fe500000)
  to   space 25088K, 0% used [0x00000000fe700000,0x00000000fe700000,0x00000000fff80000)
 ParOldGen       total 70144K, used 55697K [0x00000000c2400000, 0x00000000c6880000, 0x00000000eb700000)
  object space 70144K, 79% used [0x00000000c2400000,0x00000000c5a64600,0x00000000c6880000)
 Metaspace       used 21549K, capacity 21792K, committed 22144K, reserved 1069056K
  class space    used 2463K, capacity 2595K, committed 2688K, reserved 1048576K
}
Event: 35,765 GC heap before
{Heap before GC invocations=17 (full 1):
 PSYoungGen      total 309248K, used 286058K [0x00000000eb700000, 0x00000000fff80000, 0x0000000100000000)
  eden space 284160K, 100% used [0x00000000eb700000,0x00000000fcc80000,0x00000000fcc80000)
  from space 25088K, 7% used [0x00000000fcc80000,0x00000000fce5a928,0x00000000fe500000)
  to   space 25088K, 0% used [0x00000000fe700000,0x00000000fe700000,0x00000000fff80000)
 ParOldGen       total 70144K, used 55697K [0x00000000c2400000, 0x00000000c6880000, 0x00000000eb700000)
  object space 70144K, 79% used [0x00000000c2400000,0x00000000c5a64600,0x00000000c6880000)
 Metaspace       used 22618K, capacity 22956K, committed 23168K, reserved 1069056K
  class space    used 2518K, capacity 2666K, committed 2688K, reserved 1048576K
Event: 36,014 GC heap after
Heap after GC invocations=17 (full 1):
 PSYoungGen      total 296448K, used 25073K [0x00000000eb700000, 0x0000000100000000, 0x0000000100000000)
  eden space 271360K, 0% used [0x00000000eb700000,0x00000000eb700000,0x00000000fc000000)
  from space 25088K, 99% used [0x00000000fe700000,0x00000000fff7c5a8,0x00000000fff80000)
  to   space 32768K, 0% used [0x00000000fc000000,0x00000000fc000000,0x00000000fe000000)
 ParOldGen       total 70144K, used 65356K [0x00000000c2400000, 0x00000000c6880000, 0x00000000eb700000)
  object space 70144K, 93% used [0x00000000c2400000,0x00000000c63d3080,0x00000000c6880000)
 Metaspace       used 22618K, capacity 22956K, committed 23168K, reserved 1069056K
  class space    used 2518K, capacity 2666K, committed 2688K, reserved 1048576K
}
Event: 36,066 GC heap before
{Heap before GC invocations=18 (full 2):
 PSYoungGen      total 296448K, used 25073K [0x00000000eb700000, 0x0000000100000000, 0x0000000100000000)
  eden space 271360K, 0% used [0x00000000eb700000,0x00000000eb700000,0x00000000fc000000)
  from space 25088K, 99% used [0x00000000fe700000,0x00000000fff7c5a8,0x00000000fff80000)
  to   space 32768K, 0% used [0x00000000fc000000,0x00000000fc000000,0x00000000fe000000)
 ParOldGen       total 70144K, used 65356K [0x00000000c2400000, 0x00000000c6880000, 0x00000000eb700000)
  object space 70144K, 93% used [0x00000000c2400000,0x00000000c63d3080,0x00000000c6880000)
 Metaspace       used 22618K, capacity 22956K, committed 23168K, reserved 1069056K
  class space    used 2518K, capacity 2666K, committed 2688K, reserved 1048576K
Event: 36,414 GC heap after
Heap after GC invocations=18 (full 2):
 PSYoungGen      total 296448K, used 0K [0x00000000eb700000, 0x0000000100000000, 0x0000000100000000)
  eden space 271360K, 0% used [0x00000000eb700000,0x00000000eb700000,0x00000000fc000000)
  from space 25088K, 0% used [0x00000000fe700000,0x00000000fe700000,0x00000000fff80000)
  to   space 32768K, 0% used [0x00000000fc000000,0x00000000fc000000,0x00000000fe000000)
 ParOldGen       total 90624K, used 47952K [0x00000000c2400000, 0x00000000c7c80000, 0x00000000eb700000)
  object space 90624K, 52% used [0x00000000c2400000,0x00000000c52d41c8,0x00000000c7c80000)
 Metaspace       used 22618K, capacity 22956K, committed 23168K, reserved 1069056K
  class space    used 2518K, capacity 2666K, committed 2688K, reserved 1048576K
}
Event: 38,096 GC heap before
{Heap before GC invocations=19 (full 2):
 PSYoungGen      total 296448K, used 271360K [0x00000000eb700000, 0x0000000100000000, 0x0000000100000000)
  eden space 271360K, 100% used [0x00000000eb700000,0x00000000fc000000,0x00000000fc000000)
  from space 25088K, 0% used [0x00000000fe700000,0x00000000fe700000,0x00000000fff80000)
  to   space 32768K, 0% used [0x00000000fc000000,0x00000000fc000000,0x00000000fe000000)
 ParOldGen       total 90624K, used 47952K [0x00000000c2400000, 0x00000000c7c80000, 0x00000000eb700000)
  object space 90624K, 52% used [0x00000000c2400000,0x00000000c52d41c8,0x00000000c7c80000)
 Metaspace       used 22651K, capacity 22956K, committed 23168K, reserved 1069056K
  class space    used 2518K, capacity 2666K, committed 2688K, reserved 1048576K
Event: 38,605 GC heap after
Heap after GC invocations=19 (full 2):
 PSYoungGen      total 304128K, used 32761K [0x00000000eb700000, 0x0000000100000000, 0x0000000100000000)
  eden space 271360K, 0% used [0x00000000eb700000,0x00000000eb700000,0x00000000fc000000)
  from space 32768K, 99% used [0x00000000fc000000,0x00000000fdffe7f8,0x00000000fe000000)
  to   space 32768K, 0% used [0x00000000fe000000,0x00000000fe000000,0x0000000100000000)
 ParOldGen       total 90624K, used 71214K [0x00000000c2400000, 0x00000000c7c80000, 0x00000000eb700000)
  object space 90624K, 78% used [0x00000000c2400000,0x00000000c698b8d8,0x00000000c7c80000)
 Metaspace       used 22651K, capacity 22956K, committed 23168K, reserved 1069056K
  class space    used 2518K, capacity 2666K, committed 2688K, reserved 1048576K
}
Event: 197,138 GC heap before
{Heap before GC invocations=20 (full 2):
 PSYoungGen      total 304128K, used 304121K [0x00000000eb700000, 0x0000000100000000, 0x0000000100000000)
  eden space 271360K, 100% used [0x00000000eb700000,0x00000000fc000000,0x00000000fc000000)
  from space 32768K, 99% used [0x00000000fc000000,0x00000000fdffe7f8,0x00000000fe000000)
  to   space 32768K, 0% used [0x00000000fe000000,0x00000000fe000000,0x0000000100000000)
 ParOldGen       total 90624K, used 71214K [0x00000000c2400000, 0x00000000c7c80000, 0x00000000eb700000)
  object space 90624K, 78% used [0x00000000c2400000,0x00000000c698b8d8,0x00000000c7c80000)
 Metaspace       used 22729K, capacity 23032K, committed 23424K, reserved 1071104K
  class space    used 2519K, capacity 2668K, committed 2688K, reserved 1048576K
Event: 198,606 GC heap after
Heap after GC invocations=20 (full 2):
 PSYoungGen      total 250880K, used 32753K [0x00000000eb700000, 0x0000000100000000, 0x0000000100000000)
  eden space 218112K, 0% used [0x00000000eb700000,0x00000000eb700000,0x00000000f8c00000)
  from space 32768K, 99% used [0x00000000fe000000,0x00000000ffffc560,0x0000000100000000)
  to   space 59392K, 0% used [0x00000000f8c00000,0x00000000f8c00000,0x00000000fc600000)
 ParOldGen       total 95744K, used 95407K [0x00000000c2400000, 0x00000000c8180000, 0x00000000eb700000)
  object space 95744K, 99% used [0x00000000c2400000,0x00000000c812bc10,0x00000000c8180000)
 Metaspace       used 22729K, capacity 23032K, committed 23424K, reserved 1071104K
  class space    used 2519K, capacity 2668K, committed 2688K, reserved 1048576K
}
Event: 200,124 GC heap before
{Heap before GC invocations=21 (full 3):
 PSYoungGen      total 250880K, used 32753K [0x00000000eb700000, 0x0000000100000000, 0x0000000100000000)
  eden space 218112K, 0% used [0x00000000eb700000,0x00000000eb700000,0x00000000f8c00000)
  from space 32768K, 99% used [0x00000000fe000000,0x00000000ffffc560,0x0000000100000000)
  to   space 59392K, 0% used [0x00000000f8c00000,0x00000000f8c00000,0x00000000fc600000)
 ParOldGen       total 95744K, used 95407K [0x00000000c2400000, 0x00000000c8180000, 0x00000000eb700000)
  object space 95744K, 99% used [0x00000000c2400000,0x00000000c812bc10,0x00000000c8180000)
 Metaspace       used 22729K, capacity 23032K, committed 23424K, reserved 1071104K
  class space    used 2519K, capacity 2668K, committed 2688K, reserved 1048576K

